0 silly argv {
0 silly argv   _: [ 'version' ],
0 silly argv   lernaVersion: '8.2.3',
0 silly argv   '$0': '/Users/marcosun/.nvm/versions/node/v16.20.2/bin/lerna'
0 silly argv }
1 notice cli v8.2.3
2 verbose packageConfigs Resolving packages based on package.json "workspaces" configuration.
3 verbose rootPath /Users/marcosun/Desktop/workspace/monorepo/lerna_test
4 info versioning independent
5 silly isAnythingCommitted
6 verbose isAnythingCommitted 1
7 silly getCurrentBranch
8 verbose currentBranch main
9 silly remoteBranchExists
10 silly isBehindUpstream
11 error Error: Command failed with exit code 1: git remote update
11 error fatal: unable to access 'https://github.com/MarcoQQ/monorepo.git/': Failed to connect to github.com port 443 after 75002 ms: Couldn't connect to server
11 error     at makeError (/Users/marcosun/Desktop/workspace/monorepo/lerna_test/node_modules/execa/lib/error.js:59:11)
11 error     at module.exports.sync (/Users/marcosun/Desktop/workspace/monorepo/lerna_test/node_modules/execa/index.js:186:17)
11 error     at Object.execSync (/Users/marcosun/Desktop/workspace/monorepo/lerna_test/node_modules/lerna/dist/index.js:1758:31)
11 error     at updateRemote (/Users/marcosun/Desktop/workspace/monorepo/lerna_test/node_modules/lerna/dist/index.js:9383:18)
11 error     at isBehindUpstream (/Users/marcosun/Desktop/workspace/monorepo/lerna_test/node_modules/lerna/dist/index.js:9373:3)
11 error     at VersionCommand.initialize (/Users/marcosun/Desktop/workspace/monorepo/lerna_test/node_modules/lerna/dist/index.js:9667:57)
